c:\lightyears\build\lightyearsgame\lightyearsgame.dir\debug\vc143.pdb
c:\lightyears\build\lightyearsgame\lightyearsgame.dir\debug\ufo.obj
c:\lightyears\build\lightyearsgame\lightyearsgame.dir\debug\hexagonstage.obj
c:\lightyears\build\lightyearsgame\lightyearsgame.dir\debug\hexagon.obj
c:\lightyears\build\lightyearsgame\lightyearsgame.dir\debug\twinbladestage.obj
c:\lightyears\build\lightyearsgame\lightyearsgame.dir\debug\twinblade.obj
c:\lightyears\build\lightyearsgame\lightyearsgame.dir\debug\vanguardstage.obj
c:\lightyears\build\lightyearsgame\lightyearsgame.dir\debug\gamelevel1.obj
c:\lightyears\build\lightyearsgame\lightyearsgame.dir\debug\vanguard.obj
c:\lightyears\build\lightyearsgame\lightyearsgame.dir\debug\enemyspaceship.obj
c:\lightyears\build\lightyearsgame\lightyearsgame.dir\debug\explosion.obj
c:\lightyears\build\lightyearsgame\lightyearsgame.dir\debug\healthcomponent.obj
c:\lightyears\build\lightyearsgame\lightyearsgame.dir\debug\spaceship.obj
c:\lightyears\build\lightyearsgame\lightyearsgame.dir\debug\reward.obj
c:\lightyears\build\lightyearsgame\lightyearsgame.dir\debug\playerspaceship.obj
c:\lightyears\build\lightyearsgame\lightyearsgame.dir\debug\frontalwiper.obj
c:\lightyears\build\lightyearsgame\lightyearsgame.dir\debug\threewayshooter.obj
c:\lightyears\build\lightyearsgame\lightyearsgame.dir\debug\bulletshooter.obj
c:\lightyears\build\lightyearsgame\lightyearsgame.dir\debug\bullet.obj
c:\lightyears\build\lightyearsgame\lightyearsgame.dir\debug\weapon.obj
c:\lightyears\build\lightyearsgame\lightyearsgame.dir\debug\gameapplication.obj
c:\lightyears\build\lightyearsgame\lightyearsgame.dir\debug\ufostage.obj
c:\lightyears\build\lightyearsgame\cmakefiles\generate.stamp
c:\lightyears\build\lightyearsgame\debug\lightyearsgame.exe
c:\lightyears\build\lightyearsgame\debug\lightyearsgame.pdb
c:\lightyears\build\lightyearsgame\lightyearsgame.dir\debug\lightyearsgame.ilk
c:\lightyears\build\lightyearsgame\lightyearsgame.dir\debug\bullet.nativecodeanalysis.xml
c:\lightyears\build\lightyearsgame\lightyearsgame.dir\debug\bulletshooter.nativecodeanalysis.xml
c:\lightyears\build\lightyearsgame\lightyearsgame.dir\debug\enemyspaceship.nativecodeanalysis.xml
c:\lightyears\build\lightyearsgame\lightyearsgame.dir\debug\explosion.nativecodeanalysis.xml
c:\lightyears\build\lightyearsgame\lightyearsgame.dir\debug\frontalwiper.nativecodeanalysis.xml
c:\lightyears\build\lightyearsgame\lightyearsgame.dir\debug\gameapplication.nativecodeanalysis.xml
c:\lightyears\build\lightyearsgame\lightyearsgame.dir\debug\gamelevel1.nativecodeanalysis.xml
c:\lightyears\build\lightyearsgame\lightyearsgame.dir\debug\healthcomponent.nativecodeanalysis.xml
c:\lightyears\build\lightyearsgame\lightyearsgame.dir\debug\hexagon.nativecodeanalysis.xml
c:\lightyears\build\lightyearsgame\lightyearsgame.dir\debug\hexagonstage.nativecodeanalysis.xml
c:\lightyears\build\lightyearsgame\lightyearsgame.dir\debug\playerspaceship.nativecodeanalysis.xml
c:\lightyears\build\lightyearsgame\lightyearsgame.dir\debug\reward.nativecodeanalysis.xml
c:\lightyears\build\lightyearsgame\lightyearsgame.dir\debug\spaceship.nativecodeanalysis.xml
c:\lightyears\build\lightyearsgame\lightyearsgame.dir\debug\threewayshooter.nativecodeanalysis.xml
c:\lightyears\build\lightyearsgame\lightyearsgame.dir\debug\twinblade.nativecodeanalysis.xml
c:\lightyears\build\lightyearsgame\lightyearsgame.dir\debug\twinbladestage.nativecodeanalysis.xml
c:\lightyears\build\lightyearsgame\lightyearsgame.dir\debug\ufo.nativecodeanalysis.xml
c:\lightyears\build\lightyearsgame\lightyearsgame.dir\debug\ufostage.nativecodeanalysis.xml
c:\lightyears\build\lightyearsgame\lightyearsgame.dir\debug\vanguard.nativecodeanalysis.xml
c:\lightyears\build\lightyearsgame\lightyearsgame.dir\debug\vanguardstage.nativecodeanalysis.xml
c:\lightyears\build\lightyearsgame\lightyearsgame.dir\debug\vc.nativecodeanalysis.all.xml
c:\lightyears\build\lightyearsgame\lightyearsgame.dir\debug\weapon.nativecodeanalysis.xml
c:\lightyears\build\lightyearsgame\lightyearsgame.dir\debug\lightyearsgame.tlog\cl.command.1.tlog
c:\lightyears\build\lightyearsgame\lightyearsgame.dir\debug\lightyearsgame.tlog\cl.items.tlog
c:\lightyears\build\lightyearsgame\lightyearsgame.dir\debug\lightyearsgame.tlog\cl.read.1.tlog
c:\lightyears\build\lightyearsgame\lightyearsgame.dir\debug\lightyearsgame.tlog\cl.write.1.tlog
c:\lightyears\build\lightyearsgame\lightyearsgame.dir\debug\lightyearsgame.tlog\custombuild.command.1.tlog
c:\lightyears\build\lightyearsgame\lightyearsgame.dir\debug\lightyearsgame.tlog\custombuild.read.1.tlog
c:\lightyears\build\lightyearsgame\lightyearsgame.dir\debug\lightyearsgame.tlog\custombuild.write.1.tlog
c:\lightyears\build\lightyearsgame\lightyearsgame.dir\debug\lightyearsgame.tlog\link.command.1.tlog
c:\lightyears\build\lightyearsgame\lightyearsgame.dir\debug\lightyearsgame.tlog\link.read.1.tlog
c:\lightyears\build\lightyearsgame\lightyearsgame.dir\debug\lightyearsgame.tlog\link.secondary.1.tlog
c:\lightyears\build\lightyearsgame\lightyearsgame.dir\debug\lightyearsgame.tlog\link.write.1.tlog
