c:\lightyears\build\lightyearsengine\debug\lightyearsengine.pdb
c:\lightyears\build\lightyearsengine\lightyearsengine.dir\debug\waitstage.obj
c:\lightyears\build\lightyearsengine\lightyearsengine.dir\debug\gamestage.obj
c:\lightyears\build\lightyearsengine\lightyearsengine.dir\debug\timermanager.obj
c:\lightyears\build\lightyearsengine\lightyearsengine.dir\debug\entrypoint.obj
c:\lightyears\build\lightyearsengine\lightyearsengine.dir\debug\particle.obj
c:\lightyears\build\lightyearsengine\lightyearsengine.dir\debug\delegate.obj
c:\lightyears\build\lightyearsengine\lightyearsengine.dir\debug\core.obj
c:\lightyears\build\lightyearsengine\lightyearsengine.dir\debug\world.obj
c:\lightyears\build\lightyearsengine\lightyearsengine.dir\debug\actor.obj
c:\lightyears\build\lightyearsengine\lightyearsengine.dir\debug\object.obj
c:\lightyears\build\lightyearsengine\lightyearsengine.dir\debug\assetsmanager.obj
c:\lightyears\build\lightyearsengine\lightyearsengine.dir\debug\messutility.obj
c:\lightyears\build\lightyearsengine\lightyearsengine.dir\debug\application.obj
c:\lightyears\build\lightyearsengine\lightyearsengine.dir\debug\physicssystem.obj
c:\lightyears\build\lightyearsengine\cmakefiles\generate.stamp
c:\lightyears\build\lightyearsengine\debug\lightyearsengine.lib
c:\lightyears\build\lightyearsengine\lightyearsengine.dir\debug\actor.nativecodeanalysis.xml
c:\lightyears\build\lightyearsengine\lightyearsengine.dir\debug\application.nativecodeanalysis.xml
c:\lightyears\build\lightyearsengine\lightyearsengine.dir\debug\assetsmanager.nativecodeanalysis.xml
c:\lightyears\build\lightyearsengine\lightyearsengine.dir\debug\core.nativecodeanalysis.xml
c:\lightyears\build\lightyearsengine\lightyearsengine.dir\debug\delegate.nativecodeanalysis.xml
c:\lightyears\build\lightyearsengine\lightyearsengine.dir\debug\entrypoint.nativecodeanalysis.xml
c:\lightyears\build\lightyearsengine\lightyearsengine.dir\debug\gamestage.nativecodeanalysis.xml
c:\lightyears\build\lightyearsengine\lightyearsengine.dir\debug\messutility.nativecodeanalysis.xml
c:\lightyears\build\lightyearsengine\lightyearsengine.dir\debug\object.nativecodeanalysis.xml
c:\lightyears\build\lightyearsengine\lightyearsengine.dir\debug\particle.nativecodeanalysis.xml
c:\lightyears\build\lightyearsengine\lightyearsengine.dir\debug\physicssystem.nativecodeanalysis.xml
c:\lightyears\build\lightyearsengine\lightyearsengine.dir\debug\timermanager.nativecodeanalysis.xml
c:\lightyears\build\lightyearsengine\lightyearsengine.dir\debug\vc.nativecodeanalysis.all.xml
c:\lightyears\build\lightyearsengine\lightyearsengine.dir\debug\waitstage.nativecodeanalysis.xml
c:\lightyears\build\lightyearsengine\lightyearsengine.dir\debug\world.nativecodeanalysis.xml
c:\lightyears\build\lightyearsengine\lightyearsengine.dir\debug\lightyearsengine.tlog\cl.command.1.tlog
c:\lightyears\build\lightyearsengine\lightyearsengine.dir\debug\lightyearsengine.tlog\cl.items.tlog
c:\lightyears\build\lightyearsengine\lightyearsengine.dir\debug\lightyearsengine.tlog\cl.read.1.tlog
c:\lightyears\build\lightyearsengine\lightyearsengine.dir\debug\lightyearsengine.tlog\cl.write.1.tlog
c:\lightyears\build\lightyearsengine\lightyearsengine.dir\debug\lightyearsengine.tlog\custombuild.command.1.tlog
c:\lightyears\build\lightyearsengine\lightyearsengine.dir\debug\lightyearsengine.tlog\custombuild.read.1.tlog
c:\lightyears\build\lightyearsengine\lightyearsengine.dir\debug\lightyearsengine.tlog\custombuild.write.1.tlog
c:\lightyears\build\lightyearsengine\lightyearsengine.dir\debug\lightyearsengine.tlog\lib-link.read.1.tlog
c:\lightyears\build\lightyearsengine\lightyearsengine.dir\debug\lightyearsengine.tlog\lib-link.write.1.tlog
c:\lightyears\build\lightyearsengine\lightyearsengine.dir\debug\lightyearsengine.tlog\lib.command.1.tlog
