c:\lightyears\build\cmakefiles\generate.stamp
c:\lightyears\build\lightyearsengine\cmakefiles\generate.stamp
c:\lightyears\build\_deps\sfml-build\cmakefiles\generate.stamp
c:\lightyears\build\_deps\sfml-build\src\sfml\cmakefiles\generate.stamp
c:\lightyears\build\_deps\sfml-build\src\sfml\system\cmakefiles\generate.stamp
c:\lightyears\build\_deps\sfml-build\src\sfml\main\cmakefiles\generate.stamp
c:\lightyears\build\_deps\sfml-build\src\sfml\window\cmakefiles\generate.stamp
c:\lightyears\build\_deps\sfml-build\src\sfml\network\cmakefiles\generate.stamp
c:\lightyears\build\_deps\sfml-build\src\sfml\graphics\cmakefiles\generate.stamp
c:\lightyears\build\_deps\sfml-build\src\sfml\audio\cmakefiles\generate.stamp
c:\lightyears\build\_deps\box2d-build\cmakefiles\generate.stamp
c:\lightyears\build\_deps\box2d-build\src\cmakefiles\generate.stamp
c:\lightyears\build\_deps\box2d-build\unit-test\cmakefiles\generate.stamp
c:\lightyears\build\_deps\box2d-build\extern\glad\cmakefiles\generate.stamp
c:\lightyears\build\_deps\box2d-build\extern\glfw\cmakefiles\generate.stamp
c:\lightyears\build\_deps\box2d-build\extern\imgui\cmakefiles\generate.stamp
c:\lightyears\build\_deps\box2d-build\extern\sajson\cmakefiles\generate.stamp
c:\lightyears\build\_deps\box2d-build\testbed\cmakefiles\generate.stamp
c:\lightyears\build\lightyearsgame\cmakefiles\generate.stamp
c:\lightyears\build\x64\debug\zero_check\zero_check.tlog\custombuild.command.1.tlog
c:\lightyears\build\x64\debug\zero_check\zero_check.tlog\custombuild.read.1.tlog
c:\lightyears\build\x64\debug\zero_check\zero_check.tlog\custombuild.write.1.tlog
